<?xml version="1.0" encoding="UTF-8"?>
<!-- Generated by org.testng.reporters.JUnitXMLReporter -->
<testsuite ignored="0" hostname="DESKTOP-O0SLR4V" failures="1" tests="1" name="FirefoxTest" time="101.338" errors="0" timestamp="2022-06-02T11:50:26 IST">
  <testcase classname="testNgclass.testNgAnnotationofFlipkart" name="verifytopofferstab" time="5.538">
    <failure type="java.lang.AssertionError" message="expected [https://www.flipkart.com/offers-store?otracker=nmenu_offer-zone&amp;amp;fm=neo%2Fmerchandising&amp;amp;iid=M_024da63e-2a30-4fcd-9c3c-198daaf4ed96_2_372UD5BXDFYS_MC.G6ZC4RAJ9OHU&amp;amp;otracker=hp_rich_navigation_1_2.navigationCard.RICH_NAVIGATION_Top%2BOffers_G6ZC4RAJ9OHU&amp;amp;otracker1=hp_rich_navigation_PINNED_neo%2Fmerchandising_NA_NAV_EXPANDABLE_navigationCard_cc_1_L0_view-all&amp;amp;cid=G6ZC4RAJ9OHU] but found [https://www.flipkart.com/offers-store?otracker=nmenu_offer-zone&amp;amp;fm=neo%2Fmerchandising&amp;amp;iid=M_450d4403-c452-4838-9cfc-638cc2fe7744_2_372UD5BXDFYS_MC.G6ZC4RAJ9OHU&amp;amp;otracker=hp_rich_navigation_1_2.navigationCard.RICH_NAVIGATION_Top%2BOffers_G6ZC4RAJ9OHU&amp;amp;otracker1=hp_rich_navigation_PINNED_neo%2Fmerchandising_NA_NAV_EXPANDABLE_navigationCard_cc_1_L0_view-all&amp;amp;cid=G6ZC4RAJ9OHU]">
      <![CDATA[java.lang.AssertionError: expected [https://www.flipkart.com/offers-store?otracker=nmenu_offer-zone&fm=neo%2Fmerchandising&iid=M_024da63e-2a30-4fcd-9c3c-198daaf4ed96_2_372UD5BXDFYS_MC.G6ZC4RAJ9OHU&otracker=hp_rich_navigation_1_2.navigationCard.RICH_NAVIGATION_Top%2BOffers_G6ZC4RAJ9OHU&otracker1=hp_rich_navigation_PINNED_neo%2Fmerchandising_NA_NAV_EXPANDABLE_navigationCard_cc_1_L0_view-all&cid=G6ZC4RAJ9OHU] but found [https://www.flipkart.com/offers-store?otracker=nmenu_offer-zone&fm=neo%2Fmerchandising&iid=M_450d4403-c452-4838-9cfc-638cc2fe7744_2_372UD5BXDFYS_MC.G6ZC4RAJ9OHU&otracker=hp_rich_navigation_1_2.navigationCard.RICH_NAVIGATION_Top%2BOffers_G6ZC4RAJ9OHU&otracker1=hp_rich_navigation_PINNED_neo%2Fmerchandising_NA_NAV_EXPANDABLE_navigationCard_cc_1_L0_view-all&cid=G6ZC4RAJ9OHU]
at testNgclass.testNgAnnotationofFlipkart.verifytopofferstab(testNgAnnotationofFlipkart.java:106)
at java.base/java.util.concurrent.ThreadPoolExecutor.runWorker(ThreadPoolExecutor.java:1136)
at java.base/java.util.concurrent.ThreadPoolExecutor$Worker.run(ThreadPoolExecutor.java:635)
at java.base/java.lang.Thread.run(Thread.java:833)
... Removed 18 stack frames]]>
    </failure>
  </testcase> <!-- verifytopofferstab -->
</testsuite> <!-- FirefoxTest -->
