<?xml version="1.0" encoding="UTF-8"?>
<!-- Generated by org.testng.reporters.JUnitXMLReporter -->
<testsuite ignored="0" hostname="DESKTOP-O0SLR4V" failures="0" tests="1" name="Test" time="3.444" errors="0" timestamp="2022-05-31T23:42:23 IST">
  <testcase classname="testNgclass.testNgAnnotationofFlipkart" name="@BeforeMethod logintoapplication" time="0.001">
    <failure type="java.lang.NullPointerException" message="Cannot invoke &amp;quot;org.openqa.selenium.WebDriver.get(String)&amp;quot; because &amp;quot;this.driver&amp;quot; is null">
      <![CDATA[java.lang.NullPointerException: Cannot invoke "org.openqa.selenium.WebDriver.get(String)" because "this.driver" is null
at testNgclass.testNgAnnotationofFlipkart.logintoapplication(testNgAnnotationofFlipkart.java:33)
at java.base/java.util.ArrayList.forEach(ArrayList.java:1511)
... Removed 31 stack frames]]>
    </failure>
  </testcase> <!-- @BeforeMethod logintoapplication -->
  <testcase classname="testNgclass.testNgAnnotationofFlipkart" name="@AfterMethod logoutfromapplication" time="-1.654020742788E9">
    <skipped/>
  </testcase> <!-- @AfterMethod logoutfromapplication -->
  <testcase classname="testNgclass.testNgAnnotationofFlipkart" name="@AfterClass closethebrowser" time="-1.654020742866E9">
    <skipped/>
  </testcase> <!-- @AfterClass closethebrowser -->
  <testcase classname="testNgclass.testNgAnnotationofFlipkart" name="verifytopofferstab" time="0.0">
    <skipped/>
  </testcase> <!-- verifytopofferstab -->
</testsuite> <!-- Test -->
